[0.278s] DEBUG:colcon:Command line arguments: ['/usr/bin/colcon', 'build']
[0.278s] DEBUG:colcon:Parsed command line arguments: Namespace(log_base=None, log_level=None, verb_name='build', build_base='build', install_base='install', merge_install=False, symlink_install=False, test_result_base=None, continue_on_error=False, executor='parallel', parallel_workers=12, event_handlers=None, ignore_user_meta=False, metas=['./colcon.meta'], base_paths=['.'], packages_ignore=None, packages_ignore_regex=None, paths=None, packages_up_to=None, packages_up_to_regex=None, packages_above=None, packages_above_and_dependencies=None, packages_above_depth=None, packages_select_by_dep=None, packages_skip_by_dep=None, packages_skip_up_to=None, packages_select_build_failed=False, packages_skip_build_finished=False, packages_select_test_failures=False, packages_skip_test_passed=False, packages_select=None, packages_skip=None, packages_select_regex=None, packages_skip_regex=None, packages_start=None, packages_end=None, allow_overriding=[], cmake_args=None, cmake_target=None, cmake_target_skip_unavailable=False, cmake_clean_cache=False, cmake_clean_first=False, cmake_force_configure=False, ament_cmake_args=None, catkin_cmake_args=None, catkin_skip_building_tests=False, verb_parser=<colcon_defaults.argument_parser.defaults.DefaultArgumentsDecorator object at 0x7f5517801b40>, verb_extension=<colcon_core.verb.build.BuildVerb object at 0x7f55178015d0>, main=<bound method BuildVerb.main of <colcon_core.verb.build.BuildVerb object at 0x7f55178015d0>>)
[0.297s] Level 1:colcon.colcon_core.package_discovery:discover_packages(colcon_meta) check parameters
[0.297s] Level 1:colcon.colcon_core.package_discovery:discover_packages(recursive) check parameters
[0.297s] Level 1:colcon.colcon_core.package_discovery:discover_packages(ignore) check parameters
[0.297s] Level 1:colcon.colcon_core.package_discovery:discover_packages(path) check parameters
[0.297s] Level 1:colcon.colcon_core.package_discovery:discover_packages(colcon_meta) discover
[0.297s] Level 1:colcon.colcon_core.package_discovery:discover_packages(recursive) discover
[0.297s] INFO:colcon.colcon_core.package_discovery:Crawling recursively for packages in '/home/shriram/Desktop/articubot_one-main'
[0.297s] Level 1:colcon.colcon_core.package_identification:_identify(.) by extensions ['ignore', 'ignore_ament_install']
[0.297s] Level 1:colcon.colcon_core.package_identification:_identify(.) by extension 'ignore'
[0.297s] Level 1:colcon.colcon_core.package_identification:_identify(.) by extension 'ignore_ament_install'
[0.297s] Level 1:colcon.colcon_core.package_identification:_identify(.) by extensions ['colcon_pkg']
[0.297s] Level 1:colcon.colcon_core.package_identification:_identify(.) by extension 'colcon_pkg'
[0.297s] Level 1:colcon.colcon_core.package_identification:_identify(.) by extensions ['colcon_meta']
[0.297s] Level 1:colcon.colcon_core.package_identification:_identify(.) by extension 'colcon_meta'
[0.297s] Level 1:colcon.colcon_core.package_identification:_identify(.) by extensions ['ros']
[0.297s] Level 1:colcon.colcon_core.package_identification:_identify(.) by extension 'ros'
[0.308s] DEBUG:colcon.colcon_core.package_identification:Package '.' with type 'ros.ament_cmake' and name 'articubot_one'
[0.308s] Level 1:colcon.colcon_core.package_discovery:discover_packages(recursive) using defaults
[0.308s] Level 1:colcon.colcon_core.package_discovery:discover_packages(ignore) discover
[0.308s] Level 1:colcon.colcon_core.package_discovery:discover_packages(ignore) using defaults
[0.308s] Level 1:colcon.colcon_core.package_discovery:discover_packages(path) discover
[0.308s] Level 1:colcon.colcon_core.package_discovery:discover_packages(path) using defaults
[0.327s] Level 1:colcon.colcon_core.package_discovery:discover_packages(prefix_path) check parameters
[0.327s] Level 1:colcon.colcon_core.package_discovery:discover_packages(prefix_path) discover
[0.329s] DEBUG:colcon.colcon_installed_package_information.package_discovery:Found 2 installed packages in /home/shriram/Desktop/car/install
[0.330s] DEBUG:colcon.colcon_installed_package_information.package_discovery:Found 352 installed packages in /opt/ros/humble
[0.332s] Level 1:colcon.colcon_core.package_discovery:discover_packages(prefix_path) using defaults
[0.382s] Level 5:colcon.colcon_core.verb:set package 'articubot_one' build argument 'cmake_args' from command line to 'None'
[0.382s] Level 5:colcon.colcon_core.verb:set package 'articubot_one' build argument 'cmake_target' from command line to 'None'
[0.382s] Level 5:colcon.colcon_core.verb:set package 'articubot_one' build argument 'cmake_target_skip_unavailable' from command line to 'False'
[0.382s] Level 5:colcon.colcon_core.verb:set package 'articubot_one' build argument 'cmake_clean_cache' from command line to 'False'
[0.382s] Level 5:colcon.colcon_core.verb:set package 'articubot_one' build argument 'cmake_clean_first' from command line to 'False'
[0.382s] Level 5:colcon.colcon_core.verb:set package 'articubot_one' build argument 'cmake_force_configure' from command line to 'False'
[0.382s] Level 5:colcon.colcon_core.verb:set package 'articubot_one' build argument 'ament_cmake_args' from command line to 'None'
[0.382s] Level 5:colcon.colcon_core.verb:set package 'articubot_one' build argument 'catkin_cmake_args' from command line to 'None'
[0.382s] Level 5:colcon.colcon_core.verb:set package 'articubot_one' build argument 'catkin_skip_building_tests' from command line to 'False'
[0.382s] DEBUG:colcon.colcon_core.verb:Building package 'articubot_one' with the following arguments: {'ament_cmake_args': None, 'build_base': '/home/shriram/Desktop/articubot_one-main/build/articubot_one', 'catkin_cmake_args': None, 'catkin_skip_building_tests': False, 'cmake_args': None, 'cmake_clean_cache': False, 'cmake_clean_first': False, 'cmake_force_configure': False, 'cmake_target': None, 'cmake_target_skip_unavailable': False, 'install_base': '/home/shriram/Desktop/articubot_one-main/install/articubot_one', 'merge_install': False, 'path': '/home/shriram/Desktop/articubot_one-main', 'symlink_install': False, 'test_result_base': None}
[0.383s] INFO:colcon.colcon_core.executor:Executing jobs using 'parallel' executor
[0.386s] DEBUG:colcon.colcon_parallel_executor.executor.parallel:run_until_complete
[0.386s] INFO:colcon.colcon_ros.task.ament_cmake.build:Building ROS package in '/home/shriram/Desktop/articubot_one-main' with build type 'ament_cmake'
[0.386s] INFO:colcon.colcon_cmake.task.cmake.build:Building CMake package in '/home/shriram/Desktop/articubot_one-main'
[0.389s] INFO:colcon.colcon_core.plugin_system:Skipping extension 'colcon_core.shell.bat': Not used on non-Windows systems
[0.389s] INFO:colcon.colcon_core.shell:Skip shell extension 'powershell' for command environment: Not usable outside of PowerShell
[0.389s] DEBUG:colcon.colcon_core.shell:Skip shell extension 'dsv' for command environment
[0.396s] DEBUG:colcon.colcon_core.event_handler.log_command:Invoking command in '/home/shriram/Desktop/articubot_one-main/build/articubot_one': CMAKE_PREFIX_PATH=${CMAKE_PREFIX_PATH}:/opt/ros/humble /usr/bin/cmake /home/shriram/Desktop/articubot_one-main -DCMAKE_INSTALL_PREFIX=/home/shriram/Desktop/articubot_one-main/install/articubot_one
[0.873s] DEBUG:colcon.colcon_core.event_handler.log_command:Invoked command in '/home/shriram/Desktop/articubot_one-main/build/articubot_one' returned '0': CMAKE_PREFIX_PATH=${CMAKE_PREFIX_PATH}:/opt/ros/humble /usr/bin/cmake /home/shriram/Desktop/articubot_one-main -DCMAKE_INSTALL_PREFIX=/home/shriram/Desktop/articubot_one-main/install/articubot_one
[0.874s] DEBUG:colcon.colcon_core.event_handler.log_command:Invoking command in '/home/shriram/Desktop/articubot_one-main/build/articubot_one': CMAKE_PREFIX_PATH=${CMAKE_PREFIX_PATH}:/opt/ros/humble /usr/bin/cmake --build /home/shriram/Desktop/articubot_one-main/build/articubot_one -- -j12 -l12
[0.901s] DEBUG:colcon.colcon_core.event_handler.log_command:Invoked command in '/home/shriram/Desktop/articubot_one-main/build/articubot_one' returned '0': CMAKE_PREFIX_PATH=${CMAKE_PREFIX_PATH}:/opt/ros/humble /usr/bin/cmake --build /home/shriram/Desktop/articubot_one-main/build/articubot_one -- -j12 -l12
[0.920s] DEBUG:colcon.colcon_core.event_handler.log_command:Invoking command in '/home/shriram/Desktop/articubot_one-main/build/articubot_one': CMAKE_PREFIX_PATH=${CMAKE_PREFIX_PATH}:/opt/ros/humble /usr/bin/cmake --install /home/shriram/Desktop/articubot_one-main/build/articubot_one
[0.935s] Level 1:colcon.colcon_core.environment:create_environment_scripts_only(articubot_one)
[0.936s] DEBUG:colcon.colcon_core.event_handler.log_command:Invoked command in '/home/shriram/Desktop/articubot_one-main/build/articubot_one' returned '0': CMAKE_PREFIX_PATH=${CMAKE_PREFIX_PATH}:/opt/ros/humble /usr/bin/cmake --install /home/shriram/Desktop/articubot_one-main/build/articubot_one
[0.939s] Level 1:colcon.colcon_core.environment:checking '/home/shriram/Desktop/articubot_one-main/install/articubot_one' for CMake module files
[0.939s] Level 1:colcon.colcon_core.environment:checking '/home/shriram/Desktop/articubot_one-main/install/articubot_one' for CMake config files
[0.939s] Level 1:colcon.colcon_core.shell:create_environment_hook('articubot_one', 'cmake_prefix_path')
[0.940s] INFO:colcon.colcon_core.shell:Creating environment hook '/home/shriram/Desktop/articubot_one-main/install/articubot_one/share/articubot_one/hook/cmake_prefix_path.ps1'
[0.941s] INFO:colcon.colcon_core.shell:Creating environment descriptor '/home/shriram/Desktop/articubot_one-main/install/articubot_one/share/articubot_one/hook/cmake_prefix_path.dsv'
[0.941s] INFO:colcon.colcon_core.shell:Creating environment hook '/home/shriram/Desktop/articubot_one-main/install/articubot_one/share/articubot_one/hook/cmake_prefix_path.sh'
[0.942s] Level 1:colcon.colcon_core.environment:checking '/home/shriram/Desktop/articubot_one-main/install/articubot_one/bin'
[0.942s] Level 1:colcon.colcon_core.environment:checking '/home/shriram/Desktop/articubot_one-main/install/articubot_one/lib/pkgconfig/articubot_one.pc'
[0.942s] Level 1:colcon.colcon_core.environment:checking '/home/shriram/Desktop/articubot_one-main/install/articubot_one/lib/python3.10/site-packages'
[0.942s] Level 1:colcon.colcon_core.environment:checking '/home/shriram/Desktop/articubot_one-main/install/articubot_one/bin'
[0.943s] INFO:colcon.colcon_core.shell:Creating package script '/home/shriram/Desktop/articubot_one-main/install/articubot_one/share/articubot_one/package.ps1'
[0.943s] INFO:colcon.colcon_core.shell:Creating package descriptor '/home/shriram/Desktop/articubot_one-main/install/articubot_one/share/articubot_one/package.dsv'
[0.944s] INFO:colcon.colcon_core.shell:Creating package script '/home/shriram/Desktop/articubot_one-main/install/articubot_one/share/articubot_one/package.sh'
[0.944s] INFO:colcon.colcon_core.shell:Creating package script '/home/shriram/Desktop/articubot_one-main/install/articubot_one/share/articubot_one/package.bash'
[0.945s] INFO:colcon.colcon_core.shell:Creating package script '/home/shriram/Desktop/articubot_one-main/install/articubot_one/share/articubot_one/package.zsh'
[0.945s] Level 1:colcon.colcon_core.environment:create_file_with_runtime_dependencies(/home/shriram/Desktop/articubot_one-main/install/articubot_one/share/colcon-core/packages/articubot_one)
[0.961s] Level 1:colcon.colcon_core.environment:create_environment_scripts_only(articubot_one)
[0.963s] Level 1:colcon.colcon_core.environment:checking '/home/shriram/Desktop/articubot_one-main/install/articubot_one' for CMake module files
[0.964s] Level 1:colcon.colcon_core.environment:checking '/home/shriram/Desktop/articubot_one-main/install/articubot_one' for CMake config files
[0.964s] Level 1:colcon.colcon_core.shell:create_environment_hook('articubot_one', 'cmake_prefix_path')
[0.966s] INFO:colcon.colcon_core.shell:Creating environment hook '/home/shriram/Desktop/articubot_one-main/install/articubot_one/share/articubot_one/hook/cmake_prefix_path.ps1'
[0.966s] INFO:colcon.colcon_core.shell:Creating environment descriptor '/home/shriram/Desktop/articubot_one-main/install/articubot_one/share/articubot_one/hook/cmake_prefix_path.dsv'
[0.967s] INFO:colcon.colcon_core.shell:Creating environment hook '/home/shriram/Desktop/articubot_one-main/install/articubot_one/share/articubot_one/hook/cmake_prefix_path.sh'
[0.967s] Level 1:colcon.colcon_core.environment:checking '/home/shriram/Desktop/articubot_one-main/install/articubot_one/bin'
[0.967s] Level 1:colcon.colcon_core.environment:checking '/home/shriram/Desktop/articubot_one-main/install/articubot_one/lib/pkgconfig/articubot_one.pc'
[0.968s] Level 1:colcon.colcon_core.environment:checking '/home/shriram/Desktop/articubot_one-main/install/articubot_one/lib/python3.10/site-packages'
[0.968s] Level 1:colcon.colcon_core.environment:checking '/home/shriram/Desktop/articubot_one-main/install/articubot_one/bin'
[0.969s] INFO:colcon.colcon_core.shell:Creating package script '/home/shriram/Desktop/articubot_one-main/install/articubot_one/share/articubot_one/package.ps1'
[0.970s] INFO:colcon.colcon_core.shell:Creating package descriptor '/home/shriram/Desktop/articubot_one-main/install/articubot_one/share/articubot_one/package.dsv'
[0.970s] INFO:colcon.colcon_core.shell:Creating package script '/home/shriram/Desktop/articubot_one-main/install/articubot_one/share/articubot_one/package.sh'
[0.971s] INFO:colcon.colcon_core.shell:Creating package script '/home/shriram/Desktop/articubot_one-main/install/articubot_one/share/articubot_one/package.bash'
[0.971s] INFO:colcon.colcon_core.shell:Creating package script '/home/shriram/Desktop/articubot_one-main/install/articubot_one/share/articubot_one/package.zsh'
[0.972s] Level 1:colcon.colcon_core.environment:create_file_with_runtime_dependencies(/home/shriram/Desktop/articubot_one-main/install/articubot_one/share/colcon-core/packages/articubot_one)
[0.972s] DEBUG:colcon.colcon_parallel_executor.executor.parallel:closing loop
[0.972s] DEBUG:colcon.colcon_parallel_executor.executor.parallel:loop closed
[0.972s] DEBUG:colcon.colcon_parallel_executor.executor.parallel:run_until_complete finished with '0'
[0.972s] DEBUG:colcon.colcon_core.event_reactor:joining thread
[0.976s] INFO:colcon.colcon_core.plugin_system:Skipping extension 'colcon_notification.desktop_notification.terminal_notifier': Not used on non-Darwin systems
[0.976s] INFO:colcon.colcon_core.plugin_system:Skipping extension 'colcon_notification.desktop_notification.win32': Not used on non-Windows systems
[0.976s] INFO:colcon.colcon_notification.desktop_notification:Sending desktop notification using 'notify2'
[0.986s] DEBUG:colcon.colcon_core.event_reactor:joined thread
[0.987s] INFO:colcon.colcon_core.shell:Creating prefix script '/home/shriram/Desktop/articubot_one-main/install/local_setup.ps1'
[0.988s] INFO:colcon.colcon_core.shell:Creating prefix util module '/home/shriram/Desktop/articubot_one-main/install/_local_setup_util_ps1.py'
[0.990s] INFO:colcon.colcon_core.shell:Creating prefix chain script '/home/shriram/Desktop/articubot_one-main/install/setup.ps1'
[0.992s] INFO:colcon.colcon_core.shell:Creating prefix script '/home/shriram/Desktop/articubot_one-main/install/local_setup.sh'
[0.993s] INFO:colcon.colcon_core.shell:Creating prefix util module '/home/shriram/Desktop/articubot_one-main/install/_local_setup_util_sh.py'
[0.994s] INFO:colcon.colcon_core.shell:Creating prefix chain script '/home/shriram/Desktop/articubot_one-main/install/setup.sh'
[0.998s] INFO:colcon.colcon_core.shell:Creating prefix script '/home/shriram/Desktop/articubot_one-main/install/local_setup.bash'
[0.999s] INFO:colcon.colcon_core.shell:Creating prefix chain script '/home/shriram/Desktop/articubot_one-main/install/setup.bash'
[1.002s] INFO:colcon.colcon_core.shell:Creating prefix script '/home/shriram/Desktop/articubot_one-main/install/local_setup.zsh'
[1.002s] INFO:colcon.colcon_core.shell:Creating prefix chain script '/home/shriram/Desktop/articubot_one-main/install/setup.zsh'
